<?xml version="1.0" encoding="UTF-8"?>
<testng-results skipped="0" failed="0" total="1" passed="1">
  <reporter-output>
  </reporter-output>
  <suite name="Default suite" duration-ms="31" started-at="2020-05-17T00:09:13Z" finished-at="2020-05-17T00:09:13Z">
    <groups>
    </groups>
    <test name="Default test" duration-ms="31" started-at="2020-05-17T00:09:13Z" finished-at="2020-05-17T00:09:13Z">
      <class name="com.menneni.MortgageTests">
        <test-method status="PASS" signature="HomeMortgageTest()[pri:0, instance:com.menneni.MortgageTests@33a10788]" name="HomeMortgageTest" duration-ms="10" started-at="2020-05-16T19:09:13Z" finished-at="2020-05-16T19:09:13Z">
          <reporter-output>
          </reporter-output>
        </test-method> <!-- HomeMortgageTest -->
      </class> <!-- com.menneni.MortgageTests -->
    </test> <!-- Default test -->
  </suite> <!-- Default suite -->
</testng-results>
